/photos 534 400
/users 383 200
/todos 132 200
/users 380 400
/photos 268 200
/todos 406 200
/comments 141 200
/comments 132 200
/todos 372 200
/albums 127 200
/posts 143 200
/comments 429 200
/comments 134 200
/comments 134 200
/photos 246 200
/posts 130 404
/todos 380 200
/todos 142 200
/users 139 200
/posts 125 200
/todos 140 200
/posts 415 200
/posts 130 200
/photos 146 200
/photos 255 200
/comments 143 200
/posts 138 200
/posts 418 200
/photos 152 404
/albums 143 500
/photos 144 200
/posts 127 200
/photos 143 200
/comments 129 200
/comments 414 200
/comments 144 200
/albums 139 200
/albums 136 200
/albums 126 400
/albums 142 200
/photos 144 200
/albums 127 200
/todos 127 200
/users 133 200
/albums 142 200
/todos 142 200
/posts 142 200
/photos 143 200
/comments 152 500
/photos 146 200
/photos 143 400
/albums 139 200
/comments 135 200
/comments 134 200
/comments 142 200
/photos 272 200
/posts 126 200
/users 141 200
/users 139 404
/todos 127 500
/photos 286 200
/todos 125 200
/albums 134 200
/posts 127 200
/photos 149 200
/posts 142 200
/posts 137 200
/albums 129 200
/comments 132 200
/posts 142 200
/photos 145 200
/users 133 200
/posts 141 200
/comments 146 200
/users 132 200
/todos 128 200
/photos 143 200
/albums 145 200
/todos 143 200
/todos 140 400
/photos 147 200
/users 143 200
/comments 147 200
/comments 136 200
/users 127 500
/albums 127 200
/todos 142 200
/todos 127 200
/photos 156 200
/albums 142 200
/photos 160 500
/photos 283 200
/users 126 500
/posts 134 200
/todos 129 200
/todos 127 200
/users 128 200
/photos 155 200
/albums 139 200
/comments 146 200
/users 137 200
/comments 132 200
/posts 134 200
/todos 143 200
/comments 133 200
/albums 127 200
/comments 132 200
/comments 142 200
/albums 131 200
/photos 141 200
/users 139 200
/posts 127 200
/albums 135 200
/todos 144 500
/users 141 500
/comments 131 200
/photos 156 200
/todos 129 200
/todos 128 200
/posts 128 200
/users 139 200
/todos 140 200
/posts 140 200
/photos 141 200
/users 138 200
/albums 142 200
/photos 149 200
/photos 144 500
/albums 137 200
/photos 158 404
/posts 129 200
/albums 128 200
/todos 130 200
/comments 145 200
/posts 143 200
/posts 142 200
/users 132 200
/todos 126 200
/todos 128 200
/todos 141 400
/albums 126 200
/photos 157 404
/albums 135 200
/comments 129 200
/todos 141 200
/users 136 200
/todos 129 200
/users 140 200
/users 141 200
/albums 127 200
/photos 155 200
/todos 141 200
/photos 143 400
/users 128 200
/posts 137 200
/posts 146 200
/photos 145 200
/todos 144 500
/todos 130 200
/todos 141 500
/users 129 200
/posts 129 200
/comments 135 200
/posts 136 200
/comments 144 200
/todos 148 200
/comments 133 200
/photos 145 200
/posts 129 200
/users 124 200
/comments 142 200
/users 143 200
/albums 137 400
/comments 143 500
/users 136 500
/albums 128 400
/posts 128 200
/todos 141 200
/photos 156 200
/posts 127 200
/comments 130 200
/photos 157 400
/comments 152 200
/photos 156 200
/posts 135 200
/posts 130 400
/comments 144 200
/albums 125 200
/todos 123 200
/todos 139 200
/posts 128 200
/todos 137 404
/albums 139 200
/todos 128 200
/posts 134 200
/posts 136 200
/photos 155 200
/posts 140 200
/users 127 200
/posts 143 200
/posts 128 200
/posts 137 200
/posts 126 200
/comments 132 200
/posts 138 200
/users 132 200
/albums 136 200
/todos 129 404
/albums 138 200
/users 126 200
/albums 140 200
/comments 130 200
/albums 141 200
/users 128 500
/comments 145 200
/photos 148 200
/todos 126 200
/comments 144 200
/users 136 200
/users 143 200
/todos 127 200
/todos 124 200
/comments 149 200
/todos 129 200
/comments 149 200
/comments 140 200
/comments 138 200
/albums 141 404
/todos 129 200
/todos 129 200
/todos 127 500
/todos 136 200
/comments 148 200
/todos 127 200
/photos 157 200
/todos 140 200
/todos 142 200
/posts 128 200
/users 130 200
/users 130 200
/photos 143 200
/albums 141 200
/posts 142 500
/todos 128 200
/albums 140 404
/posts 139 200
/users 128 200
/photos 158 200
/albums 131 400
/photos 158 500
/users 125 200
/users 141 200
/todos 135 200
/albums 125 200
/comments 147 200
/albums 137 200
/posts 128 500
/photos 157 200
/comments 131 500
/albums 129 200
/posts 142 200
/todos 142 200
/posts 127 200
/photos 148 200
/users 135 200
/comments 142 200
/albums 142 400
/albums 129 200
/posts 147 200
/users 128 200
/todos 134 200
/posts 138 200
/posts 140 200
/photos 144 400
/todos 136 200
/users 142 200
/users 131 200
/comments 129 200
/albums 144 500
/albums 129 200
/todos 132 200
/users 138 200
/todos 143 200
/photos 143 200
/users 137 200
/photos 145 200
/photos 280 400
/photos 158 200
/posts 136 200
/comments 131 404
/comments 136 200
/comments 142 200
/comments 142 200
/albums 138 200
/todos 127 200
/todos 145 200
/posts 133 200
/users 125 200
/photos 157 200
/users 137 200
/photos 146 200
/albums 139 200
/users 128 200
/photos 161 200
/users 129 200
/todos 139 200
/comments 146 500
/users 128 200
/posts 134 200
/posts 126 200
/posts 144 200
/photos 144 200
/albums 139 200
/albums 138 200
/users 128 200
/comments 150 500
/albums 131 200
/albums 124 200
/posts 128 200
/posts 128 200
/users 139 200
/albums 141 200
/todos 140 200
/comments 142 200
/posts 128 200
/albums 131 200
/albums 132 400
/albums 126 200
/photos 158 200
/users 135 200
/comments 131 200
/photos 165 200
/comments 144 200
/todos 131 200
/comments 129 200
/photos 155 200
/posts 128 200
/photos 143 404
/posts 136 200
/albums 133 404
/posts 144 200
/todos 140 200
/todos 139 200
/todos 126 400
/photos 158 200
/albums 128 200
/photos 145 200
/photos 154 200
/photos 151 200
/posts 130 200
/albums 142 200
/posts 143 200
/posts 140 200
/users 137 200
/posts 126 200
/photos 141 200
/todos 128 200
/users 132 200
/posts 146 200
/todos 139 200
/todos 139 200
/users 129 200
/comments 151 200
/comments 132 200
/comments 141 200
/comments 132 200
/photos 156 200
/users 128 200
/photos 146 500
/todos 143 200
/comments 142 200
/photos 146 500
/albums 144 200
/albums 139 200
/todos 328 200
/photos 160 200
/photos 154 400
/albums 125 200
/todos 124 400
/albums 130 200
/comments 141 200
/photos 148 500
/users 138 200
/todos 140 404
/photos 154 200
/comments 131 200
/users 141 200
/users 127 200
/todos 128 200
/todos 133 200
/albums 145 200
/albums 134 200
/comments 142 200
/users 127 200
/comments 130 200
/albums 142 200
/posts 127 200
/todos 134 200
/comments 130 200
/comments 143 200
/posts 144 200
/todos 142 200
/comments 132 200
/users 139 200
/albums 127 200
/users 127 200
/users 125 200
/comments 147 200
/posts 135 200
/albums 141 200
/comments 144 200
/comments 141 200
/comments 129 400
/users 137 200
/todos 126 404
/comments 131 200
/comments 146 200
/photos 149 200
/comments 131 200
/albums 139 200
/posts 139 200
/photos 154 200
/posts 139 200
/albums 126 200
/comments 131 200
/comments 131 200
/photos 143 200
/comments 147 200
/todos 131 200
/photos 157 200
/albums 142 404
/users 125 200
/users 140 200
/photos 156 200
/todos 127 200
/comments 138 404
/users 125 400
/photos 146 200
/todos 129 200
/photos 160 200
/photos 160 200
/albums 129 200
/todos 142 200
/users 140 200
/posts 138 200
/albums 125 200
/comments 137 200
/comments 150 200
/albums 129 200
/users 143 200
/albums 133 404
/users 136 400
/comments 132 200
/users 136 200
/albums 137 200
/users 197 200
/users 136 200
/users 140 200
/albums 126 200
/posts 131 200
/comments 131 500
/todos 126 400
/comments 143 200
/comments 141 200
/photos 159 200
/users 131 200
/albums 137 200
/albums 128 200
/todos 141 200
/photos 140 200
/posts 130 200
/todos 129 200
/albums 138 200
/todos 139 500
/albums 137 200
/photos 156 200
/todos 138 200
/posts 129 200
/photos 162 200
/users 130 200
/comments 130 200
/photos 148 200
/albums 139 200
/posts 138 200
/albums 127 500
/todos 141 404
/todos 144 200
/photos 141 200
/posts 139 200
/todos 139 200
/posts 127 200
/comments 142 200
/posts 134 200
/users 130 200
/photos 160 200
/posts 129 200
/comments 146 200
/comments 146 200
/albums 125 400
/todos 137 200
/albums 126 200
/posts 141 200
/users 132 200
/photos 143 200
/posts 126 200
/photos 155 200
/albums 139 400
/albums 141 200
/comments 132 200
/comments 135 200
/todos 135 200
/todos 127 200
/posts 138 400
/photos 158 200
/photos 159 200
/comments 142 500
/users 128 200
/comments 132 200
/users 138 200
/todos 126 200
/albums 137 200
/photos 150 200
/users 129 200
/albums 141 200
/todos 126 200
/users 138 200
/todos 140 200
/todos 129 200
/photos 154 200
/comments 142 200
/comments 135 200
/users 130 200
/comments 130 200
/photos 333 200
/posts 142 200
/albums 685 200
/posts 138 200
/photos 160 200
/comments 137 200
/comments 128 200
/todos 128 200
/todos 126 200
/todos 139 200
/comments 131 200
/comments 144 404
/posts 139 200
/posts 142 404
/posts 143 200
/photos 151 200
/albums 126 200
/posts 129 200
/todos 136 200
/comments 129 200
/albums 137 400
/albums 135 200
/photos 162 200
/comments 138 200
/posts 139 200
/comments 144 200
/users 136 200
/albums 129 404
/albums 125 200
/comments 130 200
/users 136 500
/albums 126 200
/users 130 200
/posts 142 200
/posts 140 200
/users 146 200
/photos 155 200
/albums 125 400
/albums 125 500
/users 135 404
/posts 129 200
/posts 130 200
/todos 140 200
/posts 134 200
/albums 145 200
/photos 164 200
/comments 138 200
/photos 157 200
/photos 147 200
/comments 137 200
/albums 124 200
/todos 126 200
/photos 141 400
/comments 144 200
/photos 161 200
/photos 155 200
/users 133 200
/comments 141 200
/todos 126 404
/photos 154 200
/users 128 200
/comments 131 200
/comments 127 200
/posts 140 200
/posts 142 200
/albums 127 200
/users 140 200
/todos 132 400
/users 137 200
/posts 139 200
/users 138 404
/posts 127 200
/comments 149 400
/todos 129 200
/comments 145 200
/todos 128 200
/comments 130 200
/todos 140 200
/todos 135 200
/photos 155 400
/todos 141 200
/users 126 404
/todos 137 400
/albums 142 200
/todos 127 200
/comments 133 200
/comments 136 400
/photos 144 200
/posts 138 500
/users 140 200
/todos 128 200
/comments 146 200
/todos 142 200
/todos 136 200
/posts 127 200
/users 128 400
/photos 159 200
/todos 127 200
/photos 147 200
/posts 145 400
/users 130 200
/users 127 200
/albums 144 200
/photos 158 200
/photos 155 400
/todos 130 200
/albums 141 200
/comments 128 200
/posts 142 404
/users 137 200
/posts 134 200
/albums 139 200
/comments 141 200
/posts 139 200
/todos 129 200
/users 143 200
/albums 132 200
/todos 126 200
/photos 143 200
/posts 140 200
/posts 131 200
/posts 131 200
/comments 144 200
/photos 159 200
/users 132 200
/posts 138 200
/todos 140 200
/users 125 200
/posts 126 200
/comments 147 400
/comments 131 200
/users 126 500
/comments 142 200
/comments 136 200
/users 139 200
/albums 142 200
/users 139 200
/users 128 200
/photos 158 200
/todos 128 200
/albums 127 200
/photos 163 200
/photos 162 200
/albums 200 200
/albums 398 200
/comments 138 200
/todos 129 200
/comments 138 200
/users 138 200
/todos 129 400
/photos 144 200
/posts 141 200
/comments 138 200
/photos 159 200
/todos 128 400
/todos 138 200
/users 162 200
/comments 132 200
/posts 137 200
/comments 129 200
/photos 148 200
/todos 135 200
/photos 156 200
/posts 140 200
/comments 143 200
/posts 144 200
/comments 143 200
/users 126 200
/photos 142 200
/photos 146 200
/posts 140 200
/comments 133 200
/albums 131 500
/todos 140 200
/todos 128 200
/comments 141 200
/users 142 200
/photos 158 200
/comments 131 200
/albums 126 200
/comments 147 200
/photos 155 200
/users 129 200
/photos 161 404
/users 129 200
/photos 156 200
/comments 131 200
/comments 135 200
/todos 143 200
/posts 126 200
/posts 132 200
/comments 140 404
/users 132 200
/todos 139 500
/todos 143 200
/photos 159 200
/comments 131 200
/albums 140 500
/photos 147 200
/todos 130 200
/users 137 200
/todos 128 200
/albums 133 200
/albums 137 200
/todos 139 200
/posts 137 200
/comments 146 200
/comments 132 200
/posts 125 200
/photos 144 200
/posts 144 200
/comments 143 200
/photos 150 200
/posts 141 200
/comments 130 200
/comments 149 200
/users 137 200
/users 125 200
/comments 133 400
/comments 133 200
/albums 142 200
/posts 141 200
/users 143 200
/photos 158 200
/photos 143 200
/todos 135 200
/comments 132 200
/comments 137 200
/posts 129 200
/albums 127 200
/todos 141 200
/albums 140 200
/todos 137 200
/photos 158 200
/todos 132 200
/albums 126 200
/comments 135 500
/comments 130 200
/todos 131 404
/photos 159 200
/photos 154 200
/photos 159 500
/todos 129 200
/todos 138 200
/users 145 404
/albums 125 200
/users 132 200
/posts 127 200
/users 138 200
/comments 145 200
/posts 128 200
/users 141 400
/users 138 200
/posts 144 200
/photos 145 200
/users 129 500
/posts 128 200
/comments 130 404
/todos 144 404
/todos 138 500
/todos 142 200
/albums 129 200
/posts 128 200
/photos 158 200
/photos 154 200
/photos 143 200
/todos 132 404
/todos 128 200
/todos 130 200
/comments 140 200
/photos 151 200
/users 146 200
/todos 139 200
/posts 141 200
/users 141 404
/albums 126 500
/users 127 200
/todos 127 200
/posts 127 200
/posts 140 200
/comments 165 200
/users 133 200
/albums 145 200
/photos 156 200
/posts 124 200
/posts 139 200
/users 123 200
/users 126 400
/users 162 200
/albums 133 404
/comments 143 200
/users 130 200
/comments 146 200
/photos 142 200
/photos 146 200
/posts 139 200
/todos 889 200
/posts 140 200
/posts 131 500
/albums 140 200
/todos 144 200
/posts 144 200
/posts 129 200
/photos 161 200
/users 130 400
/albums 637 200
/albums 136 200
/todos 549 500
/albums 126 404
/photos 142 200
/users 140 200
/todos 136 200
/todos 136 200
/photos 2238 200
/users 130 200
/photos 142 200
/photos 144 404
/users 139 404
/comments 489 200
/photos 142 200
/todos 141 500
/users 137 200
/todos 169 200
/albums 132 200
/comments 129 200
/users 127 500
/users 139 200
/albums 144 200
/comments 146 200
/todos 129 200
/comments 130 200
/posts 794 400
/comments 136 200
/comments 141 200
/comments 473 200
/comments 131 200
/users 126 200
/comments 142 200
/comments 146 500
/photos 155 200
/photos 4673 200
/albums 129 200
/albums 139 400
/users 143 200
/todos 129 200
/albums 133 200
/todos 130 200
/users 143 200
/posts 138 200
/albums 141 500
/comments 132 200
/users 134 200
/albums 126 200
/users 144 500
/comments 600 200
/posts 133 200
/albums 143 200
/users 130 200
/comments 132 200
/users 138 200
/todos 142 200
/todos 128 404
/albums 137 200
/todos 160 200
/users 164 200
/photos 151 200
/comments 133 200
/photos 143 200
/posts 143 200
/photos 156 200
/users 143 200
/albums 126 200
/albums 160 200
/albums 134 200
/todos 140 200
/albums 128 200
/posts 128 200
/albums 142 200
/todos 143 500
/albums 132 404
/posts 126 200
/albums 136 200
/todos 161 200
/todos 127 404
/albums 140 200
/todos 128 200
/todos 181 200
/todos 140 200
/posts 143 404
/albums 132 200
/comments 236 200
/users 135 400
/comments 129 200
/comments 197 500
/posts 180 200
/photos 159 200
/comments 144 200
/albums 160 200
/comments 136 200
/todos 138 400
/todos 127 200
/albums 142 200
/users 125 200
/todos 132 400
/users 137 200
/photos 141 200
/todos 158 200
/posts 140 200
/posts 136 200
/photos 1050 200
/todos 127 200
/photos 154 200
/posts 130 200
/comments 134 200
/todos 123 200
/photos 162 200
/posts 139 400
/albums 143 200
/todos 159 200
/comments 135 200
/todos 136 200
/albums 139 200
/comments 130 200
/posts 125 400
/posts 138 200
/photos 143 200
/photos 687 200
/comments 136 500
/albums 136 200
/todos 160 200
/comments 146 200
/comments 129 404
/photos 159 200
/users 138 200
/comments 127 200
/photos 142 500
/comments 276 200
/posts 137 200
/posts 138 200
/todos 129 200
/users 143 200
/posts 131 200
/posts 140 200
/photos 164 200
/comments 145 200
/comments 283 200
/albums 128 200
/albums 138 400
/todos 133 500
/comments 412 200
/users 136 200
/photos 158 200
/users 126 200
/posts 139 200
/todos 129 400
/posts 125 200
/photos 538 200
/photos 156 200
/posts 139 500
/photos 145 200
/photos 151 200
/comments 145 200
/posts 128 200
/todos 151 200
/users 139 200
/users 145 400
/photos 144 200
/users 130 500
/posts 135 200
/comments 143 200
/albums 127 200
/albums 138 200
/photos 158 404
/posts 154 200
/albums 140 200
/photos 737 200
/comments 128 200
/todos 135 200
/todos 130 200
/users 140 200
/albums 127 200
/photos 156 200
/posts 137 200
/photos 457 400
/users 142 200
/todos 144 400
/comments 131 200
/comments 277 200
/users 136 200
/posts 139 200
/albums 140 200
/todos 134 200
/albums 128 200
/posts 126 200
/comments 147 200
/users 137 200
/users 140 200
/users 129 400
/users 142 200
/albums 132 200
/comments 134 200
/users 136 200
/users 134 200
/todos 136 200
/posts 126 200
/users 140 200
/albums 143 200
/posts 153 200
/photos 141 200
/albums 135 200
/comments 135 200
/photos 157 200
/todos 137 200
/todos 129 200
/comments 133 200
/photos 157 200
/comments 231 200
/todos 130 400
/posts 136 200
/photos 160 400
/posts 137 500
/users 124 200
/users 135 200
/todos 127 200
/users 138 200
/photos 853 200
/todos 150 200
/photos 154 200
/users 141 200
/comments 129 200
/albums 136 404
/posts 142 200
/todos 129 200
/comments 130 200
/albums 135 200
/photos 471 500
/albums 140 400
/comments 148 200
/comments 227 200
/comments 132 200
/users 123 200
/photos 153 500
/users 136 200
/comments 138 200
/posts 136 404
/photos 155 404
/todos 146 200
/photos 150 200
/users 139 200
/albums 124 200
/posts 141 200
/albums 140 200
/comments 129 200
/photos 156 400
/todos 135 404
/photos 148 404
/comments 129 200
/comments 141 200
/users 128 500
/users 143 200
/photos 153 200
/albums 125 400
/posts 151 200
/users 134 200
